<?xml version="1.0" encoding="UTF-8"?>
<!-- Generated by org.testng.reporters.JUnitReportReporter -->
<testsuite hostname="DESKTOP-QAB7R0C" failures="0" tests="3" name="org.practice1.Invoice" time="0.009" errors="0" timestamp="2022-08-18T10:58:46 IST" skipped="0">
  <testcase classname="org.practice1.Invoice" name="deleteInvoiceTest" time="0.002"/>
  <system-out/>
  <testcase classname="org.practice1.Invoice" name="modifyInvoiceTest" time="0.005"/>
  <system-out/>
  <testcase classname="org.practice1.Invoice" name="editInvoiceTest" time="0.002"/>
  <system-out/>
</testsuite> <!-- org.practice1.Invoice -->
