<?xml version="1.0" encoding="UTF-8"?>
<!-- Generated by org.testng.reporters.JUnitReportReporter -->
<testsuite hostname="DESKTOP-QAB7R0C" failures="0" tests="3" name="org.practice.Organization" time="0.017" errors="0" timestamp="2022-08-18T10:58:46 IST" skipped="0">
  <testcase classname="org.practice.Organization" name="createOrgTest" time="0.012"/>
  <system-out/>
  <testcase classname="org.practice.Organization" name="deleteOrgTest" time="0.001"/>
  <system-out/>
  <testcase classname="org.practice.Organization" name="modifyOrgTest" time="0.004"/>
  <system-out/>
</testsuite> <!-- org.practice.Organization -->
