<?xml version="1.0" encoding="UTF-8"?>
<!-- Generated by org.testng.reporters.JUnitReportReporter -->
<testsuite hostname="DESKTOP-QAB7R0C" failures="0" tests="3" name="org.practice1.Org" time="0.002" errors="0" timestamp="2022-08-17T16:34:56 IST" skipped="0">
  <testcase classname="org.practice1.Org" name="deleteOrgTest" time="0.000"/>
  <system-out/>
  <testcase classname="org.practice1.Org" name="modifyOrgTest" time="0.001"/>
  <system-out/>
  <testcase classname="org.practice1.Org" name="editOrgTest" time="0.001"/>
  <system-out/>
</testsuite> <!-- org.practice1.Org -->
