<?xml version="1.0" encoding="UTF-8"?>
<!-- Generated by org.testng.reporters.JUnitReportReporter -->
<testsuite hostname="DESKTOP-QAB7R0C" failures="0" tests="5" name="org.AttendanceManagement.practice.SampleDataProvider" time="0.013" errors="0" timestamp="2022-08-15T23:38:54 IST" skipped="0">
  <testcase classname="org.AttendanceManagement.practice.SampleDataProvider" name="bookingTest" time="0.002"/>
  <system-out/>
  <testcase classname="org.AttendanceManagement.practice.SampleDataProvider" name="bookingTest" time="0.002"/>
  <system-out/>
  <testcase classname="org.AttendanceManagement.practice.SampleDataProvider" name="bookingTest" time="0.001"/>
  <system-out/>
  <testcase classname="org.AttendanceManagement.practice.SampleDataProvider" name="bookingTest" time="0.001"/>
  <system-out/>
  <testcase classname="org.AttendanceManagement.practice.SampleDataProvider" name="bookingTest" time="0.007"/>
  <system-out/>
</testsuite> <!-- org.AttendanceManagement.practice.SampleDataProvider -->
