<?xml version="1.0" encoding="UTF-8"?>
<!-- Generated by org.testng.reporters.JUnitReportReporter -->
<testsuite hostname="DESKTOP-QAB7R0C" failures="0" tests="3" name="org.practice.Campaign" time="0.017" errors="0" timestamp="2022-08-18T10:58:46 IST" skipped="0">
  <testcase classname="org.practice.Campaign" name="deleteCampaignTest" time="0.003"/>
  <system-out/>
  <testcase classname="org.practice.Campaign" name="modifyCampaignTest" time="0.002"/>
  <system-out/>
  <testcase classname="org.practice.Campaign" name="createCampaignTest" time="0.012"/>
  <system-out/>
</testsuite> <!-- org.practice.Campaign -->
