<?xml version="1.0" encoding="UTF-8"?>
<!-- Generated by org.testng.reporters.JUnitReportReporter -->
<testsuite hostname="DESKTOP-QAB7R0C" failures="0" tests="3" name="org.practice1.Order" time="0.009" errors="0" timestamp="2022-08-18T10:58:46 IST" skipped="0">
  <testcase classname="org.practice1.Order" name="createOrderTest" time="0.005"/>
  <system-out/>
  <testcase classname="org.practice1.Order" name="deleteOrderTest" time="0.001"/>
  <system-out/>
  <testcase classname="org.practice1.Order" name="modifyOrderTest" time="0.003"/>
  <system-out/>
</testsuite> <!-- org.practice1.Order -->
