<?xml version="1.0" encoding="UTF-8"?>
<!-- Generated by org.testng.reporters.JUnitReportReporter -->
<testsuite hostname="DESKTOP-QAB7R0C" failures="0" tests="1" name="org.practice1.Camp" time="0.002" errors="0" timestamp="2022-08-17T16:34:56 IST" skipped="0">
  <testcase classname="org.practice1.Camp" name="editOrgTest" time="0.002"/>
  <system-out/>
</testsuite> <!-- org.practice1.Camp -->
