<?xml version="1.0" encoding="UTF-8"?>
<!-- Generated by org.testng.reporters.JUnitReportReporter -->
<testsuite hostname="DESKTOP-QAB7R0C" failures="0" tests="1" name="com.AttendanceManagement.Dashboard.AttendanceManagement$Ex" time="9.311" errors="0" timestamp="2022-08-16T17:57:14 IST" skipped="0">
  <testcase classname="com.AttendanceManagement.Dashboard.AttendanceManagement$Ex" name="CheckAttendanceOfStudentTest" time="9.311"/>
  <system-out/>
</testsuite> <!-- com.AttendanceManagement.Dashboard.AttendanceManagement$Ex -->
