<?xml version="1.0" encoding="UTF-8"?>
<!-- Generated by org.testng.reporters.JUnitReportReporter -->
<testsuite hostname="DESKTOP-QAB7R0C" failures="0" tests="3" name="org.practice.Customer" time="0.014" errors="0" timestamp="2022-08-18T10:58:46 IST" skipped="0">
  <testcase classname="org.practice.Customer" name="createcustomerTest" time="0.004"/>
  <system-out/>
  <testcase classname="org.practice.Customer" name="modifycustomerTest" time="0.002"/>
  <system-out/>
  <testcase classname="org.practice.Customer" name="deletecustomerTest" time="0.008"/>
  <system-out/>
</testsuite> <!-- org.practice.Customer -->
