<?xml version="1.0" encoding="UTF-8"?>
<!-- Generated by org.testng.reporters.JUnitReportReporter -->
<testsuite hostname="DESKTOP-QAB7R0C" failures="0" tests="3" name="org.practice1.Servises" time="0.017" errors="0" timestamp="2022-08-18T10:58:46 IST" skipped="0">
  <testcase classname="org.practice1.Servises" name="deleteServisesTest" time="0.004"/>
  <system-out/>
  <testcase classname="org.practice1.Servises" name="editServisesTest" time="0.010"/>
  <system-out/>
  <testcase classname="org.practice1.Servises" name="modifyServisesTest" time="0.003"/>
  <system-out/>
</testsuite> <!-- org.practice1.Servises -->
