<?xml version="1.0" encoding="UTF-8"?>
<!-- Generated by org.testng.reporters.JUnitReportReporter -->
<testsuite hostname="DESKTOP-QAB7R0C" failures="0" tests="7" name="org.AttendanceManagement.practice.SampleTest" time="0.041" errors="0" timestamp="2022-08-15T23:37:39 IST" skipped="0">
  <testcase classname="org.AttendanceManagement.practice.SampleTest" name="editTest" time="0.031"/>
  <system-out/>
  <testcase classname="org.AttendanceManagement.practice.SampleTest" name="editTest" time="0.002"/>
  <system-out/>
  <testcase classname="org.AttendanceManagement.practice.SampleTest" name="deleteTest" time="0.002"/>
  <system-out/>
  <testcase classname="org.AttendanceManagement.practice.SampleTest" name="deleteTest" time="0.001"/>
  <system-out/>
  <testcase classname="org.AttendanceManagement.practice.SampleTest" name="createTest" time="0.002"/>
  <system-out/>
  <testcase classname="org.AttendanceManagement.practice.SampleTest" name="createTest" time="0.001"/>
  <system-out/>
  <testcase classname="org.AttendanceManagement.practice.SampleTest" name="createTest" time="0.002"/>
  <system-out/>
</testsuite> <!-- org.AttendanceManagement.practice.SampleTest -->
