<?xml version="1.0" encoding="UTF-8"?>
<!-- Generated by org.testng.reporters.JUnitReportReporter -->
<testsuite hostname="DESKTOP-QAB7R0C" failures="0" tests="5" name="org.AttendanceManagement.practice.DataProviderSampleEx" time="0.017" errors="0" timestamp="2022-08-16T10:26:26 IST" skipped="0">
  <testcase classname="org.AttendanceManagement.practice.DataProviderSampleEx" name="bookingTest" time="0.002"/>
  <system-out/>
  <testcase classname="org.AttendanceManagement.practice.DataProviderSampleEx" name="bookingTest" time="0.002"/>
  <system-out/>
  <testcase classname="org.AttendanceManagement.practice.DataProviderSampleEx" name="bookingTest" time="0.001"/>
  <system-out/>
  <testcase classname="org.AttendanceManagement.practice.DataProviderSampleEx" name="bookingTest" time="0.002"/>
  <system-out/>
  <testcase classname="org.AttendanceManagement.practice.DataProviderSampleEx" name="bookingTest" time="0.010"/>
  <system-out/>
</testsuite> <!-- org.AttendanceManagement.practice.DataProviderSampleEx -->
