<?xml version="1.0" encoding="UTF-8"?>
<!-- Generated by org.testng.reporters.JUnitReportReporter -->
<testsuite hostname="DESKTOP-QAB7R0C" failures="0" tests="5" name="org.AttendanceManagement.practice.DataProviderEx" time="0.027" errors="0" timestamp="2022-08-16T11:39:58 IST" skipped="0">
  <testcase classname="org.AttendanceManagement.practice.DataProviderEx" name="bookingTest" time="0.008"/>
  <system-out/>
  <testcase classname="org.AttendanceManagement.practice.DataProviderEx" name="bookingTest" time="0.005"/>
  <system-out/>
  <testcase classname="org.AttendanceManagement.practice.DataProviderEx" name="bookingTest" time="0.008"/>
  <system-out/>
  <testcase classname="org.AttendanceManagement.practice.DataProviderEx" name="bookingTest" time="0.002"/>
  <system-out/>
  <testcase classname="org.AttendanceManagement.practice.DataProviderEx" name="bookingTest" time="0.004"/>
  <system-out/>
</testsuite> <!-- org.AttendanceManagement.practice.DataProviderEx -->
